#
# A fatal error has been detected by the Java Runtime Environment:
#
#  EXCEPTION_ACCESS_VIOLATION (0xc0000005) at pc=0x00000000671aca90, pid=1000, tid=0x0000000000002098
#
# JRE version: Java(TM) SE Runtime Environment (8.0_301-b09) (build 1.8.0_301-b09)
# Java VM: Java HotSpot(TM) 64-Bit Server VM (25.301-b09 mixed mode windows-amd64 compressed oops)
# Problematic frame:
# V  [jvm.dll+0x10ca90]
#
# Failed to write core dump. Minidumps are not enabled by default on client versions of Windows
#
# If you would like to submit a bug report, please visit:
#   http://bugreport.java.com/bugreport/crash.jsp
#

---------------  T H R E A D  ---------------

Current thread (0x0000000000565000):  GCTaskThread [stack: 0x0000000011d00000,0x0000000011e00000] [id=8344]

siginfo: ExceptionCode=0xc0000005, reading address 0xffffffffffffffff

Registers:
RAX=0x0000000011e00000, RBX=0x000000006044b100, RCX=0x0000000000000000, RDX=0x0000000000000020
RSP=0x0000000011dff7c0, RBP=0x0000000011dff940, RSI=0x0000000053c60090, RDI=0x0000000053c60090
R8 =0x007fffffffc02258, R9 =0x0000000053c60090, R10=0x00000000000011ed, R11=0x00000000e0323c68
R12=0x0000000000565720, R13=0x0000000055596bc0, R14=0x0000000011dff850, R15=0x0000000011dff868
RIP=0x00000000671aca90, EFLAGS=0x0000000000010202

Top of Stack: (sp=0x0000000011dff7c0)
0x0000000011dff7c0:   0000000053e48fa8 0000000067192658
0x0000000011dff7d0:   00000000e0573ae8 000000006746e5cc
0x0000000011dff7e0:   0000000053c60090 000000006710905b
0x0000000011dff7f0:   00000000130ac668 00000000e00053b0
0x0000000011dff800:   0000000058c35f30 0000000011dff850
0x0000000011dff810:   000000000055ce70 00000000676bb760
0x0000000011dff820:   0000000000000000 0000000067470629
0x0000000011dff830:   00000000e00053b0 0000000011dff940
0x0000000011dff840:   0000000053c60090 0000000053c60090
0x0000000011dff850:   00000000676ba438 0000000067193200
0x0000000011dff860:   0000000053c60090 00000000676ba460
0x0000000011dff870:   0000000053c60000 0000000011dff850
0x0000000011dff880:   0000000011dff940 00000000671ab0fd
0x0000000011dff890:   0000000000565720 000000000055ce70
0x0000000011dff8a0:   00000000e00053b0 00000000e00053b0
0x0000000011dff8b0:   00000000005e8660 0000000067469baa 

Instructions: (pc=0x00000000671aca90)
0x00000000671aca70:   05 6b b5 6d 00 49 c1 e8 03 49 d3 e8 41 0f b6 c0
0x00000000671aca80:   49 c1 e8 06 24 3f 0f b6 d0 48 8b 05 80 b5 6d 00
0x00000000671aca90:   4a 8b 0c c0 48 0f a3 d1 72 27 48 8b cb e8 1e 5c
0x00000000671acaa0:   00 00 84 c0 74 1b 48 8b d3 48 8b cf e8 cf e5 00 


Register to memory mapping:

RAX=0x0000000011e00000 is an unknown value
RBX=0x000000006044b100 is an unknown value
RCX=0x0000000000000000 is an unknown value
RDX=0x0000000000000020 is an unknown value
RSP=0x0000000011dff7c0 is an unknown value
RBP=0x0000000011dff940 is an unknown value
RSI=0x0000000053c60090 is an unknown value
RDI=0x0000000053c60090 is an unknown value
R8 =0x007fffffffc02258 is an unknown value
R9 =0x0000000053c60090 is an unknown value
R10=0x00000000000011ed is an unknown value
R11=0x00000000e0323c68 is an oop
java.lang.Class 
 - klass: 'java/lang/Class'
R12=0x0000000000565720 is an unknown value
R13=0x0000000055596bc0 is an unknown value
R14=0x0000000011dff850 is an unknown value
R15=0x0000000011dff868 is an unknown value


Stack: [0x0000000011d00000,0x0000000011e00000],  sp=0x0000000011dff7c0,  free space=1021k
Native frames: (J=compiled Java code, j=interpreted, Vv=VM code, C=native code)
V  [jvm.dll+0x10ca90]
V  [jvm.dll+0x6905b]
V  [jvm.dll+0x3d0629]
V  [jvm.dll+0x10b0fd]
V  [jvm.dll+0x3c9baa]
V  [jvm.dll+0x3c7410]
V  [jvm.dll+0x3c5219]
V  [jvm.dll+0x2923dc]
C  [ucrtbase.DLL+0x682dd]
C  [kernel32.dll+0x159ed]
C  [ntdll.dll+0x2b371]


---------------  P R O C E S S  ---------------

Java Threads: ( => current thread )
  0x0000000056df9800 JavaThread "Cache worker for file content cache (C:\Users\Administrator\.gradle\caches\6.7\fileContent)" [_thread_blocked, id=8288, stack(0x000000005bdd0000,0x000000005bed0000)]
  0x0000000056df8800 JavaThread "jar transforms" [_thread_blocked, id=6744, stack(0x000000005bf10000,0x000000005c010000)]
  0x0000000056df8000 JavaThread "Cache worker for execution history cache (C:\Users\Administrator\.gradle\caches\6.7\executionHistory)" [_thread_blocked, id=7248, stack(0x000000005b560000,0x000000005b660000)]
  0x0000000056df7000 JavaThread "Cache worker for cache directory md-rule (C:\Users\Administrator\.gradle\caches\6.7\md-rule)" [_thread_blocked, id=6128, stack(0x000000005b6b0000,0x000000005b7b0000)]
  0x0000000056df6800 JavaThread "Cache worker for cache directory md-supplier (C:\Users\Administrator\.gradle\caches\6.7\md-supplier)" [_thread_blocked, id=5720, stack(0x000000005b430000,0x000000005b530000)]
  0x0000000056df5800 JavaThread "Cache worker for checksums cache (E:\RN\firstapp\android\.gradle\checksums)" [_thread_blocked, id=4476, stack(0x000000005b060000,0x000000005b160000)]
  0x0000000056df5000 JavaThread "Cache worker for file hash cache (E:\RN\firstapp\android\.gradle\6.7\fileHashes)" [_thread_blocked, id=4360, stack(0x0000000054db0000,0x0000000054eb0000)]
  0x0000000056df4000 JavaThread "Cache worker for journal cache (C:\Users\Administrator\.gradle\caches\journal-1)" [_thread_blocked, id=8792, stack(0x000000005ad50000,0x000000005ae50000)]
  0x0000000056df3800 JavaThread "File lock request listener" [_thread_in_native, id=4692, stack(0x00000000599a0000,0x0000000059aa0000)]
  0x0000000056df2800 JavaThread "Cache worker for file hash cache (C:\Users\Administrator\.gradle\caches\6.7\fileHashes)" [_thread_blocked, id=8672, stack(0x0000000059850000,0x0000000059950000)]
  0x0000000056b6e000 JavaThread "Thread-9" [_thread_blocked, id=1664, stack(0x0000000058560000,0x0000000058660000)]
  0x0000000056b67000 JavaThread "Stdin handler" [_thread_blocked, id=6488, stack(0x0000000058450000,0x0000000058550000)]
  0x0000000056b65800 JavaThread "Asynchronous log dispatcher for DefaultDaemonConnection: socket connection from /127.0.0.1:65370 to /127.0.0.1:65376" [_thread_blocked, id=9156, stack(0x0000000058290000,0x0000000058390000)]
  0x0000000056b5c000 JavaThread "Daemon worker" [_thread_blocked, id=5468, stack(0x00000000580d0000,0x00000000581d0000)]
  0x0000000056b4e000 JavaThread "Cancel handler" [_thread_blocked, id=8772, stack(0x0000000057ed0000,0x0000000057fd0000)]
  0x0000000056b4a800 JavaThread "Handler for socket connection from /127.0.0.1:65370 to /127.0.0.1:65376" [_thread_in_native, id=1352, stack(0x0000000057dc0000,0x0000000057ec0000)]
  0x0000000056b45800 JavaThread "Daemon" [_thread_blocked, id=6160, stack(0x0000000057c50000,0x0000000057d50000)]
  0x00000000562a6800 JavaThread "Daemon periodic checks" [_thread_blocked, id=6800, stack(0x0000000057880000,0x0000000057980000)]
  0x000000005552a800 JavaThread "Incoming local TCP Connector on port 65370" [_thread_in_native, id=8712, stack(0x0000000057710000,0x0000000057810000)]
  0x00000000554dc800 JavaThread "Daemon health stats" [_thread_blocked, id=7600, stack(0x0000000055650000,0x0000000055750000)]
  0x0000000053da1800 JavaThread "Service Thread" daemon [_thread_blocked, id=6156, stack(0x0000000054ec0000,0x0000000054fc0000)]
  0x0000000053d3d000 JavaThread "C1 CompilerThread1" daemon [_thread_blocked, id=9144, stack(0x0000000054ac0000,0x0000000054bc0000)]
  0x0000000053d27800 JavaThread "C2 CompilerThread0" daemon [_thread_blocked, id=8916, stack(0x0000000054c80000,0x0000000054d80000)]
  0x0000000053d26800 JavaThread "Attach Listener" daemon [_thread_blocked, id=8668, stack(0x00000000549b0000,0x0000000054ab0000)]
  0x0000000053d26000 JavaThread "Signal Dispatcher" daemon [_thread_blocked, id=7672, stack(0x0000000054880000,0x0000000054980000)]
  0x0000000053cf1800 JavaThread "Finalizer" daemon [_thread_blocked, id=7176, stack(0x00000000546e0000,0x00000000547e0000)]
  0x00000000537ff000 JavaThread "Reference Handler" daemon [_thread_blocked, id=1648, stack(0x00000000545c0000,0x00000000546c0000)]
  0x000000000054e000 JavaThread "main" [_thread_blocked, id=4616, stack(0x0000000002250000,0x0000000002350000)]

Other Threads:
  0x0000000053ca2800 VMThread [stack: 0x00000000543d0000,0x00000000544d0000] [id=7444]
  0x0000000053db1000 WatcherThread [stack: 0x0000000055150000,0x0000000055250000] [id=7640]

=>0x0000000000565000 (exited) GCTaskThread [stack: 0x0000000011d00000,0x0000000011e00000] [id=8344]

VM state:at safepoint (normal execution)

VM Mutex/Monitor currently owned by a thread:  ([mutex/lock_event])
[0x0000000000543f50] Threads_lock - owner thread: 0x0000000053ca2800
[0x0000000000544450] Heap_lock - owner thread: 0x0000000053d3d000
[0x00000000005449d0] MethodData_lock - owner thread: 0x0000000053d3d000

heap address: 0x00000000e0000000, size: 512 MB, Compressed Oops mode: 32-bit
Narrow klass base: 0x0000000000000000, Narrow klass shift: 0
Compressed class space size: 1073741824 Address: 0x0000000012f00000

Heap:
 PSYoungGen      total 106496K, used 8814K [0x00000000f5580000, 0x00000000ff380000, 0x0000000100000000)
  eden space 94208K, 0% used [0x00000000f5580000,0x00000000f5580000,0x00000000fb180000)
  from space 12288K, 71% used [0x00000000fb180000,0x00000000fba1b878,0x00000000fbd80000)
  to   space 11776K, 0% used [0x00000000fe800000,0x00000000fe800000,0x00000000ff380000)
 ParOldGen       total 175104K, used 8422K [0x00000000e0000000, 0x00000000eab00000, 0x00000000f5580000)
  object space 175104K, 4% used [0x00000000e0000000,0x00000000e0839840,0x00000000eab00000)
 Metaspace       used 34257K, capacity 35420K, committed 35496K, reserved 1079296K
  class space    used 4793K, capacity 5068K, committed 5120K, reserved 1048576K

Card table byte_map: [0x0000000002120000,0x0000000002230000] byte_map_base: 0x0000000001a20000

Marking Bits: (ParMarkBitMap*) 0x0000000067887fe0
 Begin Bits: [0x0000000011e00000, 0x0000000012600000)
 End Bits:   [0x0000000012600000, 0x0000000012e00000)

Polling page: 0x0000000000130000

CodeCache: size=245760Kb used=9963Kb max_used=9970Kb free=235797Kb
 bounds [0x0000000002620000, 0x0000000002ff0000, 0x0000000011620000]
 total_blobs=3304 nmethods=2601 adapters=617
 compilation: enabled

Compilation events (10 events):
Event: 51.965 Thread 0x0000000053d3d000 nmethod 2905 0x0000000002fe1150 code [0x0000000002fe12e0, 0x0000000002fe1918]
Event: 51.967 Thread 0x0000000053d27800 2906       4       org.gradle.internal.reflect.MethodSet$MethodKey::hashCode (29 bytes)
Event: 51.973 Thread 0x0000000053d27800 nmethod 2906 0x0000000002fe4950 code [0x0000000002fe4aa0, 0x0000000002fe4d18]
Event: 51.973 Thread 0x0000000053d3d000 2907       3       org.gradle.internal.reflect.MutableClassDetails::superType (12 bytes)
Event: 51.973 Thread 0x0000000053d3d000 nmethod 2907 0x0000000002fe44d0 code [0x0000000002fe4640, 0x0000000002fe4868]
Event: 51.974 Thread 0x0000000053d3d000 2909       1       sun.reflect.generics.tree.ClassSignature::getFormalTypeParameters (5 bytes)
Event: 51.975 Thread 0x0000000053d3d000 nmethod 2909 0x0000000002fc3e90 code [0x0000000002fc3fe0, 0x0000000002fc40f0]
Event: 51.975 Thread 0x0000000053d3d000 2910       3       com.google.common.collect.ImmutableCollection::<init> (5 bytes)
Event: 51.975 Thread 0x0000000053d3d000 nmethod 2910 0x0000000002fe3c90 code [0x0000000002fe3e00, 0x0000000002fe4010]
Event: 51.976 Thread 0x0000000053d3d000 2911       3       com.google.common.collect.Hashing::closedTableSize (37 bytes)

GC Heap History (10 events):
Event: 26.987 GC heap after
Heap after GC invocations=4 (full 0):
 PSYoungGen      total 76288K, used 8553K [0x00000000f5580000, 0x00000000fea80000, 0x0000000100000000)
  eden space 65536K, 0% used [0x00000000f5580000,0x00000000f5580000,0x00000000f9580000)
  from space 10752K, 79% used [0x00000000fa000000,0x00000000fa85a470,0x00000000faa80000)
  to   space 10752K, 0% used [0x00000000f9580000,0x00000000f9580000,0x00000000fa000000)
 ParOldGen       total 175104K, used 833K [0x00000000e0000000, 0x00000000eab00000, 0x00000000f5580000)
  object space 175104K, 0% used [0x00000000e0000000,0x00000000e00d07e8,0x00000000eab00000)
 Metaspace       used 20599K, capacity 21238K, committed 21296K, reserved 1067008K
  class space    used 3018K, capacity 3173K, committed 3200K, reserved 1048576K
}
Event: 26.987 GC heap before
{Heap before GC invocations=5 (full 1):
 PSYoungGen      total 76288K, used 8553K [0x00000000f5580000, 0x00000000fea80000, 0x0000000100000000)
  eden space 65536K, 0% used [0x00000000f5580000,0x00000000f5580000,0x00000000f9580000)
  from space 10752K, 79% used [0x00000000fa000000,0x00000000fa85a470,0x00000000faa80000)
  to   space 10752K, 0% used [0x00000000f9580000,0x00000000f9580000,0x00000000fa000000)
 ParOldGen       total 175104K, used 833K [0x00000000e0000000, 0x00000000eab00000, 0x00000000f5580000)
  object space 175104K, 0% used [0x00000000e0000000,0x00000000e00d07e8,0x00000000eab00000)
 Metaspace       used 20599K, capacity 21238K, committed 21296K, reserved 1067008K
  class space    used 3018K, capacity 3173K, committed 3200K, reserved 1048576K
Event: 27.321 GC heap after
Heap after GC invocations=5 (full 1):
 PSYoungGen      total 76288K, used 0K [0x00000000f5580000, 0x00000000fea80000, 0x0000000100000000)
  eden space 65536K, 0% used [0x00000000f5580000,0x00000000f5580000,0x00000000f9580000)
  from space 10752K, 0% used [0x00000000fa000000,0x00000000fa000000,0x00000000faa80000)
  to   space 10752K, 0% used [0x00000000f9580000,0x00000000f9580000,0x00000000fa000000)
 ParOldGen       total 175104K, used 8398K [0x00000000e0000000, 0x00000000eab00000, 0x00000000f5580000)
  object space 175104K, 4% used [0x00000000e0000000,0x00000000e0833840,0x00000000eab00000)
 Metaspace       used 20599K, capacity 21238K, committed 21296K, reserved 1067008K
  class space    used 3018K, capacity 3173K, committed 3200K, reserved 1048576K
}
Event: 32.654 GC heap before
{Heap before GC invocations=6 (full 1):
 PSYoungGen      total 76288K, used 65536K [0x00000000f5580000, 0x00000000fea80000, 0x0000000100000000)
  eden space 65536K, 100% used [0x00000000f5580000,0x00000000f9580000,0x00000000f9580000)
  from space 10752K, 0% used [0x00000000fa000000,0x00000000fa000000,0x00000000faa80000)
  to   space 10752K, 0% used [0x00000000f9580000,0x00000000f9580000,0x00000000fa000000)
 ParOldGen       total 175104K, used 8398K [0x00000000e0000000, 0x00000000eab00000, 0x00000000f5580000)
  object space 175104K, 4% used [0x00000000e0000000,0x00000000e0833840,0x00000000eab00000)
 Metaspace       used 28683K, capacity 29642K, committed 29824K, reserved 1075200K
  class space    used 4127K, capacity 4384K, committed 4480K, reserved 1048576K
Event: 32.676 GC heap after
Heap after GC invocations=6 (full 1):
 PSYoungGen      total 76288K, used 8508K [0x00000000f5580000, 0x00000000fcb00000, 0x0000000100000000)
  eden space 65536K, 0% used [0x00000000f5580000,0x00000000f5580000,0x00000000f9580000)
  from space 10752K, 79% used [0x00000000f9580000,0x00000000f9dcf100,0x00000000fa000000)
  to   space 11776K, 0% used [0x00000000fbf80000,0x00000000fbf80000,0x00000000fcb00000)
 ParOldGen       total 175104K, used 8406K [0x00000000e0000000, 0x00000000eab00000, 0x00000000f5580000)
  object space 175104K, 4% used [0x00000000e0000000,0x00000000e0835840,0x00000000eab00000)
 Metaspace       used 28683K, capacity 29642K, committed 29824K, reserved 1075200K
  class space    used 4127K, capacity 4384K, committed 4480K, reserved 1048576K
}
Event: 50.380 GC heap before
{Heap before GC invocations=7 (full 1):
 PSYoungGen      total 76288K, used 74044K [0x00000000f5580000, 0x00000000fcb00000, 0x0000000100000000)
  eden space 65536K, 100% used [0x00000000f5580000,0x00000000f9580000,0x00000000f9580000)
  from space 10752K, 79% used [0x00000000f9580000,0x00000000f9dcf100,0x00000000fa000000)
  to   space 11776K, 0% used [0x00000000fbf80000,0x00000000fbf80000,0x00000000fcb00000)
 ParOldGen       total 175104K, used 8406K [0x00000000e0000000, 0x00000000eab00000, 0x00000000f5580000)
  object space 175104K, 4% used [0x00000000e0000000,0x00000000e0835840,0x00000000eab00000)
 Metaspace       used 32999K, capacity 34116K, committed 34432K, reserved 1079296K
  class space    used 4663K, capacity 4917K, committed 4992K, reserved 1048576K
Event: 50.418 GC heap after
Heap after GC invocations=7 (full 1):
 PSYoungGen      total 103424K, used 9762K [0x00000000f5580000, 0x00000000fc980000, 0x0000000100000000)
  eden space 93184K, 0% used [0x00000000f5580000,0x00000000f5580000,0x00000000fb080000)
  from space 10240K, 95% used [0x00000000fbf80000,0x00000000fc908978,0x00000000fc980000)
  to   space 12288K, 0% used [0x00000000fb180000,0x00000000fb180000,0x00000000fbd80000)
 ParOldGen       total 175104K, used 8414K [0x00000000e0000000, 0x00000000eab00000, 0x00000000f5580000)
  object space 175104K, 4% used [0x00000000e0000000,0x00000000e0837840,0x00000000eab00000)
 Metaspace       used 32999K, capacity 34116K, committed 34432K, reserved 1079296K
  class space    used 4663K, capacity 4917K, committed 4992K, reserved 1048576K
}
Event: 51.976 GC heap before
{Heap before GC invocations=8 (full 1):
 PSYoungGen      total 103424K, used 38446K [0x00000000f5580000, 0x00000000fc980000, 0x0000000100000000)
  eden space 93184K, 30% used [0x00000000f5580000,0x00000000f7182ee0,0x00000000fb080000)
  from space 10240K, 95% used [0x00000000fbf80000,0x00000000fc908978,0x00000000fc980000)
  to   space 12288K, 0% used [0x00000000fb180000,0x00000000fb180000,0x00000000fbd80000)
 ParOldGen       total 175104K, used 8414K [0x00000000e0000000, 0x00000000eab00000, 0x00000000f5580000)
  object space 175104K, 4% used [0x00000000e0000000,0x00000000e0837840,0x00000000eab00000)
 Metaspace       used 34257K, capacity 35420K, committed 35496K, reserved 1079296K
  class space    used 4793K, capacity 5068K, committed 5120K, reserved 1048576K
Event: 52.008 GC heap after
Heap after GC invocations=8 (full 1):
 PSYoungGen      total 106496K, used 8814K [0x00000000f5580000, 0x00000000ff380000, 0x0000000100000000)
  eden space 94208K, 0% used [0x00000000f5580000,0x00000000f5580000,0x00000000fb180000)
  from space 12288K, 71% used [0x00000000fb180000,0x00000000fba1b878,0x00000000fbd80000)
  to   space 11776K, 0% used [0x00000000fe800000,0x00000000fe800000,0x00000000ff380000)
 ParOldGen       total 175104K, used 8422K [0x00000000e0000000, 0x00000000eab00000, 0x00000000f5580000)
  object space 175104K, 4% used [0x00000000e0000000,0x00000000e0839840,0x00000000eab00000)
 Metaspace       used 34257K, capacity 35420K, committed 35496K, reserved 1079296K
  class space    used 4793K, capacity 5068K, committed 5120K, reserved 1048576K
}
Event: 52.008 GC heap before
{Heap before GC invocations=9 (full 2):
 PSYoungGen      total 106496K, used 8814K [0x00000000f5580000, 0x00000000ff380000, 0x0000000100000000)
  eden space 94208K, 0% used [0x00000000f5580000,0x00000000f5580000,0x00000000fb180000)
  from space 12288K, 71% used [0x00000000fb180000,0x00000000fba1b878,0x00000000fbd80000)
  to   space 11776K, 0% used [0x00000000fe800000,0x00000000fe800000,0x00000000ff380000)
 ParOldGen       total 175104K, used 8422K [0x00000000e0000000, 0x00000000eab00000, 0x00000000f5580000)
  object space 175104K, 4% used [0x00000000e0000000,0x00000000e0839840,0x00000000eab00000)
 Metaspace       used 34257K, capacity 35420K, committed 35496K, reserved 1079296K
  class space    used 4793K, capacity 5068K, committed 5120K, reserved 1048576K

Deoptimization events (10 events):
Event: 34.681 Thread 0x0000000056b5c000 Uncommon trap: reason=class_check action=maybe_recompile pc=0x0000000002e82fc8 method=org.codehaus.groovy.runtime.metaclass.MetaMethodIndex.addMethodToList(Ljava/lang/Object;Lgroovy/lang/MetaMethod;)Ljava/lang/Object; @ 240
Event: 34.728 Thread 0x0000000056b5c000 Uncommon trap: reason=class_check action=maybe_recompile pc=0x0000000002e82fc8 method=org.codehaus.groovy.runtime.metaclass.MetaMethodIndex.addMethodToList(Ljava/lang/Object;Lgroovy/lang/MetaMethod;)Ljava/lang/Object; @ 240
Event: 36.915 Thread 0x0000000056b5c000 Uncommon trap: reason=unstable_if action=reinterpret pc=0x0000000002e9bb34 method=org.codehaus.groovy.runtime.metaclass.MetaMethodIndex.addMethodToList(Ljava/lang/Object;Lgroovy/lang/MetaMethod;)Ljava/lang/Object; @ 226
Event: 36.969 Thread 0x0000000056b5c000 Uncommon trap: reason=class_check action=maybe_recompile pc=0x0000000002cacdc4 method=java.util.WeakHashMap.eq(Ljava/lang/Object;Ljava/lang/Object;)Z @ 7
Event: 49.759 Thread 0x0000000056b5c000 Uncommon trap: reason=unstable_if action=reinterpret pc=0x0000000002f52c04 method=java.util.HashMap.getNode(ILjava/lang/Object;)Ljava/util/HashMap$Node; @ 53
Event: 49.759 Thread 0x0000000056b5c000 Uncommon trap: reason=unstable_if action=reinterpret pc=0x0000000002891d60 method=java.util.HashMap.hash(Ljava/lang/Object;)I @ 1
Event: 49.759 Thread 0x0000000056b5c000 Uncommon trap: reason=unstable_if action=reinterpret pc=0x0000000002ee125c method=java.util.HashMap.putVal(ILjava/lang/Object;Ljava/lang/Object;ZZ)Ljava/lang/Object; @ 85
Event: 49.771 Thread 0x0000000056b5c000 Uncommon trap: reason=unstable_if action=reinterpret pc=0x0000000002e62cb8 method=org.gradle.internal.reflect.PropertyAccessorType.isGetGetterName(Ljava/lang/String;)Z @ 14
Event: 49.858 Thread 0x0000000056b5c000 Uncommon trap: reason=unstable_if action=reinterpret pc=0x0000000002c66e78 method=org.objectweb.asm.ByteVector.putShort(I)Lorg/objectweb/asm/ByteVector; @ 13
Event: 51.170 Thread 0x0000000056b5c000 Uncommon trap: reason=range_check action=make_not_entrant pc=0x0000000002f75d2c method=java.lang.String.charAt(I)C @ 27

Classes redefined (0 events):
No events

Internal exceptions (10 events):
Event: 50.859 Thread 0x0000000056b5c000 Exception <a 'java/lang/ClassNotFoundException': org/gradle/api/internal/artifacts/DefaultArtifactRepositoryContainerBeanInfo> (0x00000000f6392cc0) thrown at [C:\jenkins\workspace\8-2-build-windows-amd64-cygwin\jdk8u301\1513\hotspot\src\share\vm\classfile
Event: 50.861 Thread 0x0000000056b5c000 Exception <a 'java/lang/ClassNotFoundException': org/gradle/api/internal/DefaultNamedDomainObjectListBeanInfo> (0x00000000f63c8908) thrown at [C:\jenkins\workspace\8-2-build-windows-amd64-cygwin\jdk8u301\1513\hotspot\src\share\vm\classfile\systemDictionar
Event: 50.864 Thread 0x0000000056b5c000 Exception <a 'java/lang/ClassNotFoundException': org/gradle/api/internal/DefaultNamedDomainObjectCollectionBeanInfo> (0x00000000f64009f8) thrown at [C:\jenkins\workspace\8-2-build-windows-amd64-cygwin\jdk8u301\1513\hotspot\src\share\vm\classfile\systemDic
Event: 50.866 Thread 0x0000000056b5c000 Exception <a 'java/lang/ClassNotFoundException': org/gradle/api/internal/DefaultDomainObjectCollectionBeanInfo> (0x00000000f6437290) thrown at [C:\jenkins\workspace\8-2-build-windows-amd64-cygwin\jdk8u301\1513\hotspot\src\share\vm\classfile\systemDictiona
Event: 50.868 Thread 0x0000000056b5c000 Exception <a 'java/lang/ClassNotFoundException': org/gradle/api/internal/DefaultDomainObjectCollectionCustomizer> (0x00000000f646e940) thrown at [C:\jenkins\workspace\8-2-build-windows-amd64-cygwin\jdk8u301\1513\hotspot\src\share\vm\classfile\systemDictio
Event: 50.904 Thread 0x0000000056b5c000 Exception <a 'java/lang/ClassNotFoundException': org/gradle/api/internal/DefaultNamedDomainObjectCollectionCustomizer> (0x00000000f64cf4c8) thrown at [C:\jenkins\workspace\8-2-build-windows-amd64-cygwin\jdk8u301\1513\hotspot\src\share\vm\classfile\systemD
Event: 50.915 Thread 0x0000000056b5c000 Exception <a 'java/lang/ClassNotFoundException': org/gradle/api/internal/DefaultNamedDomainObjectListCustomizer> (0x00000000f6546c60) thrown at [C:\jenkins\workspace\8-2-build-windows-amd64-cygwin\jdk8u301\1513\hotspot\src\share\vm\classfile\systemDiction
Event: 50.920 Thread 0x0000000056b5c000 Exception <a 'java/lang/ClassNotFoundException': org/gradle/api/internal/artifacts/DefaultArtifactRepositoryContainerCustomizer> (0x00000000f65bebb0) thrown at [C:\jenkins\workspace\8-2-build-windows-amd64-cygwin\jdk8u301\1513\hotspot\src\share\vm\classfi
Event: 50.924 Thread 0x0000000056b5c000 Exception <a 'java/lang/ClassNotFoundException': org/gradle/api/internal/artifacts/dsl/DefaultRepositoryHandlerCustomizer> (0x00000000f6627fe0) thrown at [C:\jenkins\workspace\8-2-build-windows-amd64-cygwin\jdk8u301\1513\hotspot\src\share\vm\classfile\sys
Event: 50.932 Thread 0x0000000056b5c000 Exception <a 'java/lang/ClassNotFoundException': org/gradle/api/internal/artifacts/dsl/DefaultRepositoryHandler_DecoratedCustomizer> (0x00000000f66afc40) thrown at [C:\jenkins\workspace\8-2-build-windows-amd64-cygwin\jdk8u301\1513\hotspot\src\share\vm\cla

Events (10 events):
Event: 51.959 loading class org/gradle/api/internal/artifacts/configurations/PublishArtifactSetProvider done
Event: 51.960 loading class org/gradle/api/internal/artifacts/configurations/DefaultConfiguration$ConfigurationArtifactCollection
Event: 51.960 loading class org/gradle/api/internal/artifacts/configurations/DefaultConfiguration$ConfigurationArtifactCollection done
Event: 51.961 loading class org/gradle/api/internal/artifacts/configurations/ArtifactCollectionInternal
Event: 51.961 loading class org/gradle/api/internal/artifacts/configurations/ArtifactCollectionInternal done
Event: 51.964 loading class org/gradle/api/internal/artifacts/configurations/DefaultConfiguration$ConfigurationDescription
Event: 51.964 loading class org/gradle/api/internal/artifacts/configurations/DefaultConfiguration$ConfigurationDescription done
Event: 51.965 loading class org/gradle/internal/Describables$MemoizingDescribable
Event: 51.965 loading class org/gradle/internal/Describables$MemoizingDescribable done
Event: 51.976 Executing VM operation: CollectForMetadataAllocation


Dynamic libraries:
0x000000013f100000 - 0x000000013f147000 	C:\Program Files\Java\jdk1.8.0_301\bin\java.exe
0x0000000077ca0000 - 0x0000000077e4a000 	C:\Windows\SYSTEM32\ntdll.dll
0x0000000077b80000 - 0x0000000077c9f000 	C:\Windows\system32\kernel32.dll
0x000007fefe250000 - 0x000007fefe2bb000 	C:\Windows\system32\KERNELBASE.dll
0x000007feffd40000 - 0x000007feffe1b000 	C:\Windows\system32\ADVAPI32.dll
0x000007feffa40000 - 0x000007feffadf000 	C:\Windows\system32\msvcrt.dll
0x000007feffb10000 - 0x000007feffb2f000 	C:\Windows\SYSTEM32\sechost.dll
0x000007feff900000 - 0x000007feffa2d000 	C:\Windows\system32\RPCRT4.dll
0x0000000077a80000 - 0x0000000077b7a000 	C:\Windows\system32\USER32.dll
0x000007feff780000 - 0x000007feff7e7000 	C:\Windows\system32\GDI32.dll
0x000007feffec0000 - 0x000007feffece000 	C:\Windows\system32\LPK.dll
0x000007fefe790000 - 0x000007fefe85a000 	C:\Windows\system32\USP10.dll
0x000007fefd960000 - 0x000007fefdb54000 	C:\Windows\WinSxS\amd64_microsoft.windows.common-controls_6595b64144ccf1df_6.0.7601.18837_none_fa3b1e3d17594757\COMCTL32.dll
0x000007fefe860000 - 0x000007fefe8d1000 	C:\Windows\system32\SHLWAPI.dll
0x000007feffae0000 - 0x000007feffb0e000 	C:\Windows\system32\IMM32.DLL
0x000007feff7f0000 - 0x000007feff8f9000 	C:\Windows\system32\MSCTF.dll
0x000007fef9b20000 - 0x000007fef9b23000 	C:\Windows\system32\api-ms-win-core-synch-l1-2-0.DLL
0x000007fef6970000 - 0x000007fef6985000 	C:\Program Files\Java\jdk1.8.0_301\jre\bin\vcruntime140.dll
0x000007fef9c80000 - 0x000007fef9c84000 	C:\Windows\system32\api-ms-win-crt-runtime-l1-1-0.dll
0x000007fef9b60000 - 0x000007fef9c52000 	C:\Windows\system32\ucrtbase.DLL
0x000007fef9b50000 - 0x000007fef9b53000 	C:\Windows\system32\api-ms-win-core-timezone-l1-1-0.dll
0x000007fef9b40000 - 0x000007fef9b43000 	C:\Windows\system32\api-ms-win-core-file-l2-1-0.dll
0x000007fef9b30000 - 0x000007fef9b33000 	C:\Windows\system32\api-ms-win-core-localization-l1-2-0.dll
0x000007fef9b10000 - 0x000007fef9b13000 	C:\Windows\system32\api-ms-win-core-processthreads-l1-1-1.dll
0x000007fef9b00000 - 0x000007fef9b03000 	C:\Windows\system32\api-ms-win-core-file-l1-2-0.dll
0x000007fef9af0000 - 0x000007fef9af3000 	C:\Windows\system32\api-ms-win-crt-heap-l1-1-0.dll
0x000007fef9ae0000 - 0x000007fef9ae4000 	C:\Windows\system32\api-ms-win-crt-string-l1-1-0.dll
0x000007fef9ad0000 - 0x000007fef9ad4000 	C:\Windows\system32\api-ms-win-crt-stdio-l1-1-0.dll
0x000007fef9ac0000 - 0x000007fef9ac4000 	C:\Windows\system32\api-ms-win-crt-convert-l1-1-0.dll
0x000007feef0a0000 - 0x000007feef13b000 	C:\Program Files\Java\jdk1.8.0_301\jre\bin\msvcp140.dll
0x000007fef9aa0000 - 0x000007fef9aa3000 	C:\Windows\system32\api-ms-win-crt-locale-l1-1-0.dll
0x000007fef9a60000 - 0x000007fef9a65000 	C:\Windows\system32\api-ms-win-crt-math-l1-1-0.dll
0x000007fef9a90000 - 0x000007fef9a93000 	C:\Windows\system32\api-ms-win-crt-filesystem-l1-1-0.dll
0x000007fef9a80000 - 0x000007fef9a83000 	C:\Windows\system32\api-ms-win-crt-time-l1-1-0.dll
0x000007fef9a70000 - 0x000007fef9a73000 	C:\Windows\system32\api-ms-win-crt-environment-l1-1-0.dll
0x000007fef9a50000 - 0x000007fef9a53000 	C:\Windows\system32\api-ms-win-crt-utility-l1-1-0.dll
0x00000000670a0000 - 0x0000000067900000 	C:\Program Files\Java\jdk1.8.0_301\jre\bin\server\jvm.dll
0x000007feec120000 - 0x000007feec129000 	C:\Windows\system32\WSOCK32.dll
0x000007fefe8e0000 - 0x000007fefe92d000 	C:\Windows\system32\WS2_32.dll
0x000007feffa30000 - 0x000007feffa38000 	C:\Windows\system32\NSI.dll
0x000007fefa7d0000 - 0x000007fefa80b000 	C:\Windows\system32\WINMM.dll
0x000007fefcb90000 - 0x000007fefcb9c000 	C:\Windows\system32\VERSION.dll
0x0000000077e60000 - 0x0000000077e67000 	C:\Windows\system32\PSAPI.DLL
0x000007fefce70000 - 0x000007fefce80000 	C:\Program Files\Java\jdk1.8.0_301\jre\bin\verify.dll
0x000007fef6940000 - 0x000007fef696b000 	C:\Program Files\Java\jdk1.8.0_301\jre\bin\java.dll
0x000007fef2db0000 - 0x000007fef2dc8000 	C:\Program Files\Java\jdk1.8.0_301\jre\bin\zip.dll
0x000007fefe9d0000 - 0x000007feff759000 	C:\Windows\system32\SHELL32.dll
0x000007feffb30000 - 0x000007feffd33000 	C:\Windows\system32\ole32.dll
0x000007fefe100000 - 0x000007fefe10f000 	C:\Windows\system32\profapi.dll
0x000007fef2d90000 - 0x000007fef2dac000 	C:\Program Files\Java\jdk1.8.0_301\jre\bin\net.dll
0x000007fefd600000 - 0x000007fefd655000 	C:\Windows\system32\mswsock.dll
0x000007fefd7b0000 - 0x000007fefd7b7000 	C:\Windows\System32\wship6.dll
0x000007fef2ac0000 - 0x000007fef2ad3000 	C:\Program Files\Java\jdk1.8.0_301\jre\bin\nio.dll
0x000007fef69d0000 - 0x000007fef69f7000 	C:\Users\Administrator\.gradle\native\fdc75f09e3144964f2cf3f50f0aa648679c211496f362492102eb8c894070792\windows-amd64\native-platform.dll
0x000007fedd2a0000 - 0x000007fedd436000 	C:\Users\Administrator\.gradle\native\12488b8bf47d2d4c9fbf2f6322a914ad602e24e48041cd04a747c6da556b65c4\windows-amd64\native-platform-file-events.dll
0x000007fefce20000 - 0x000007fefce2d000 	C:\Program Files\Java\jdk1.8.0_301\jre\bin\management.dll
0x000007fefd7c0000 - 0x000007fefd7d8000 	C:\Windows\system32\CRYPTSP.dll
0x000007fefd3a0000 - 0x000007fefd3e7000 	C:\Windows\system32\rsaenh.dll
0x000007fefd130000 - 0x000007fefd14e000 	C:\Windows\system32\USERENV.dll
0x000007fefe030000 - 0x000007fefe03f000 	C:\Windows\system32\CRYPTBASE.dll
0x000007fefdbc0000 - 0x000007fefdbe7000 	C:\Windows\system32\IPHLPAPI.DLL
0x000007fefdbb0000 - 0x000007fefdbbb000 	C:\Windows\system32\WINNSI.DLL
0x000007fefcc70000 - 0x000007fefcc81000 	C:\Windows\system32\dhcpcsvc6.DLL
0x000007fefcbf0000 - 0x000007fefcc08000 	C:\Windows\system32\dhcpcsvc.DLL
0x000007fefdfd0000 - 0x000007fefe027000 	C:\Windows\system32\apphelp.dll
0x000007fef1ec0000 - 0x000007fef1fe5000 	C:\Windows\system32\dbghelp.dll

VM Arguments:
jvm_args: -XX:MaxMetaspaceSize=256m -XX:+HeapDumpOnOutOfMemoryError -Xms256m -Xmx512m -Dfile.encoding=GBK -Duser.country=CN -Duser.language=zh -Duser.variant 
java_command: org.gradle.launcher.daemon.bootstrap.GradleDaemon 6.7
java_class_path (initial): C:\Users\Administrator\.gradle\wrapper\dists\gradle-6.7-all\cuy9mc7upwgwgeb72wkcrupxe\gradle-6.7\lib\gradle-launcher-6.7.jar
Launcher Type: SUN_STANDARD

Environment Variables:
CLASSPATH=E:\RN\firstapp\android\\gradle\wrapper\gradle-wrapper.jar
PATH=E:\RN\firstapp\android\node_modules\.bin;E:\RN\firstapp\node_modules\.bin;E:\RN\node_modules\.bin;E:\node_modules\.bin;C:\Program Files\nodejs;E:\RN\firstapp\node_modules\.bin;C:\Program Files (x86)\Common Files\Oracle\Java\javapath;C:\Program Files (x86)\NVIDIA Corporation\PhysX\Common;C:\Windows\system32;C:\Windows;C:\Windows\System32\Wbem;C:\Windows\System32\WindowsPowerShell\v1.0\;C:\Program Files (x86)\Windows Kits\8.1\Windows Performance Toolkit\;C:\Program Files\Microsoft SQL Server\Client SDK\ODBC\110\Tools\Binn\;C:\Program Files (x86)\Microsoft SQL Server\120\Tools\Binn\;C:\Program Files\Microsoft SQL Server\120\Tools\Binn\;C:\Program Files\Microsoft SQL Server\120\DTS\Binn\;C:\Program Files\nodejs\;C:\Program Files\Git\cmd;C:\Python38\Scripts\;C:\Python38\;C:\Users\Administrator\AppData\Local\Programs\Microsoft VS Code\bin;C:\Users\Administrator\AppData\Roaming\npm;C:\Program Files\heroku\bin;C:\Users\Administrator\AppData\Local\Android\Sdk\platform-tools;C:\Users\Administrator\AppData\Local\Android\Sdk\emulator;C:\Users\Administrator\AppData\Local\Android\Sdk\tools;C:\Users\Administrator\AppData\Local\Android\Sdk\tools\bin;
USERNAME=Administrator
OS=Windows_NT
PROCESSOR_IDENTIFIER=Intel64 Family 6 Model 23 Stepping 10, GenuineIntel



---------------  S Y S T E M  ---------------

OS: Windows 7 , 64 bit Build 7601 (6.1.7601.19160)

CPU:total 2 (initial active 2) (2 cores per cpu, 1 threads per core) family 6 model 23 stepping 10, cmov, cx8, fxsr, mmx, sse, sse2, sse3, ssse3, tsc

Memory: 4k page, physical 6222440k(1682808k free), swap 10593736k(4296092k free)

vm_info: Java HotSpot(TM) 64-Bit Server VM (25.301-b09) for windows-amd64 JRE (1.8.0_301-b09), built on Jun  9 2021 06:46:21 by "java_re" with MS VC++ 15.9 (VS2017)

time: Fri Jul 30 10:55:37 2021
timezone: ¡ã?¡ä¨®¨¤?????2?¡À¨º¡Á?¨º¡À??
elapsed time: 52.173869 seconds (0d 0h 0m 52s)

